Server running on port 5000
Environment: development
Server error: TypeError: Cannot set property query of #<IncomingMessage> which has only a getter
    at C:\Users\yjtan\OneDrive\Desktop\bakkwa\backend\node_modules\xss-clean\lib\index.js:8:30
    at Layer.handleRequest (C:\Users\yjtan\OneDrive\Desktop\bakkwa\backend\node_modules\router\lib\layer.js:152:17)
    at trimPrefix (C:\Users\yjtan\OneDrive\Desktop\bakkwa\backend\node_modules\router\index.js:342:13)
    at C:\Users\yjtan\OneDrive\Desktop\bakkwa\backend\node_modules\router\index.js:297:9
    at processParams (C:\Users\yjtan\OneDrive\Desktop\bakkwa\backend\node_modules\router\index.js:582:12)
    at next (C:\Users\yjtan\OneDrive\Desktop\bakkwa\backend\node_modules\router\index.js:291:5)
    at cookieParser (C:\Users\yjtan\OneDrive\Desktop\bakkwa\backend\node_modules\cookie-parser\index.js:57:14)
    at Layer.handleRequest (C:\Users\yjtan\OneDrive\Desktop\bakkwa\backend\node_modules\router\lib\layer.js:152:17)
    at trimPrefix (C:\Users\yjtan\OneDrive\Desktop\bakkwa\backend\node_modules\router\index.js:342:13)
    at C:\Users\yjtan\OneDrive\Desktop\bakkwa\backend\node_modules\router\index.js:297:9
Server error: TypeError: Cannot set property query of #<IncomingMessage> which has only a getter
    at C:\Users\yjtan\OneDrive\Desktop\bakkwa\backend\node_modules\xss-clean\lib\index.js:8:30
    at Layer.handleRequest (C:\Users\yjtan\OneDrive\Desktop\bakkwa\backend\node_modules\router\lib\layer.js:152:17)
    at trimPrefix (C:\Users\yjtan\OneDrive\Desktop\bakkwa\backend\node_modules\router\index.js:342:13)
    at C:\Users\yjtan\OneDrive\Desktop\bakkwa\backend\node_modules\router\index.js:297:9
    at processParams (C:\Users\yjtan\OneDrive\Desktop\bakkwa\backend\node_modules\router\index.js:582:12)
    at next (C:\Users\yjtan\OneDrive\Desktop\bakkwa\backend\node_modules\router\index.js:291:5)
    at cookieParser (C:\Users\yjtan\OneDrive\Desktop\bakkwa\backend\node_modules\cookie-parser\index.js:57:14)
    at Layer.handleRequest (C:\Users\yjtan\OneDrive\Desktop\bakkwa\backend\node_modules\router\lib\layer.js:152:17)
    at trimPrefix (C:\Users\yjtan\OneDrive\Desktop\bakkwa\backend\node_modules\router\index.js:342:13)
    at C:\Users\yjtan\OneDrive\Desktop\bakkwa\backend\node_modules\router\index.js:297:9
Server error: TypeError: Cannot set property query of #<IncomingMessage> which has only a getter
    at C:\Users\yjtan\OneDrive\Desktop\bakkwa\backend\node_modules\xss-clean\lib\index.js:8:30
    at Layer.handleRequest (C:\Users\yjtan\OneDrive\Desktop\bakkwa\backend\node_modules\router\lib\layer.js:152:17)
    at trimPrefix (C:\Users\yjtan\OneDrive\Desktop\bakkwa\backend\node_modules\router\index.js:342:13)
    at C:\Users\yjtan\OneDrive\Desktop\bakkwa\backend\node_modules\router\index.js:297:9
    at processParams (C:\Users\yjtan\OneDrive\Desktop\bakkwa\backend\node_modules\router\index.js:582:12)
    at next (C:\Users\yjtan\OneDrive\Desktop\bakkwa\backend\node_modules\router\index.js:291:5)
    at cookieParser (C:\Users\yjtan\OneDrive\Desktop\bakkwa\backend\node_modules\cookie-parser\index.js:57:14)
    at Layer.handleRequest (C:\Users\yjtan\OneDrive\Desktop\bakkwa\backend\node_modules\router\lib\layer.js:152:17)
    at trimPrefix (C:\Users\yjtan\OneDrive\Desktop\bakkwa\backend\node_modules\router\index.js:342:13)
    at C:\Users\yjtan\OneDrive\Desktop\bakkwa\backend\node_modules\router\index.js:297:9
Server error: TypeError: Cannot set property query of #<IncomingMessage> which has only a getter
    at C:\Users\yjtan\OneDrive\Desktop\bakkwa\backend\node_modules\xss-clean\lib\index.js:8:30
    at Layer.handleRequest (C:\Users\yjtan\OneDrive\Desktop\bakkwa\backend\node_modules\router\lib\layer.js:152:17)
    at trimPrefix (C:\Users\yjtan\OneDrive\Desktop\bakkwa\backend\node_modules\router\index.js:342:13)
    at C:\Users\yjtan\OneDrive\Desktop\bakkwa\backend\node_modules\router\index.js:297:9
    at processParams (C:\Users\yjtan\OneDrive\Desktop\bakkwa\backend\node_modules\router\index.js:582:12)
    at next (C:\Users\yjtan\OneDrive\Desktop\bakkwa\backend\node_modules\router\index.js:291:5)
    at cookieParser (C:\Users\yjtan\OneDrive\Desktop\bakkwa\backend\node_modules\cookie-parser\index.js:57:14)
    at Layer.handleRequest (C:\Users\yjtan\OneDrive\Desktop\bakkwa\backend\node_modules\router\lib\layer.js:152:17)
    at trimPrefix (C:\Users\yjtan\OneDrive\Desktop\bakkwa\backend\node_modules\router\index.js:342:13)
    at C:\Users\yjtan\OneDrive\Desktop\bakkwa\backend\node_modules\router\index.js:297:9
Server error: TypeError: Cannot set property query of #<IncomingMessage> which has only a getter
    at C:\Users\yjtan\OneDrive\Desktop\bakkwa\backend\node_modules\xss-clean\lib\index.js:8:30
    at Layer.handleRequest (C:\Users\yjtan\OneDrive\Desktop\bakkwa\backend\node_modules\router\lib\layer.js:152:17)
    at trimPrefix (C:\Users\yjtan\OneDrive\Desktop\bakkwa\backend\node_modules\router\index.js:342:13)
    at C:\Users\yjtan\OneDrive\Desktop\bakkwa\backend\node_modules\router\index.js:297:9
    at processParams (C:\Users\yjtan\OneDrive\Desktop\bakkwa\backend\node_modules\router\index.js:582:12)
    at next (C:\Users\yjtan\OneDrive\Desktop\bakkwa\backend\node_modules\router\index.js:291:5)
    at cookieParser (C:\Users\yjtan\OneDrive\Desktop\bakkwa\backend\node_modules\cookie-parser\index.js:57:14)
    at Layer.handleRequest (C:\Users\yjtan\OneDrive\Desktop\bakkwa\backend\node_modules\router\lib\layer.js:152:17)
    at trimPrefix (C:\Users\yjtan\OneDrive\Desktop\bakkwa\backend\node_modules\router\index.js:342:13)
    at C:\Users\yjtan\OneDrive\Desktop\bakkwa\backend\node_modules\router\index.js:297:9
Server error: TypeError: Cannot set property query of #<IncomingMessage> which has only a getter
    at C:\Users\yjtan\OneDrive\Desktop\bakkwa\backend\node_modules\xss-clean\lib\index.js:8:30
    at Layer.handleRequest (C:\Users\yjtan\OneDrive\Desktop\bakkwa\backend\node_modules\router\lib\layer.js:152:17)
    at trimPrefix (C:\Users\yjtan\OneDrive\Desktop\bakkwa\backend\node_modules\router\index.js:342:13)
    at C:\Users\yjtan\OneDrive\Desktop\bakkwa\backend\node_modules\router\index.js:297:9
    at processParams (C:\Users\yjtan\OneDrive\Desktop\bakkwa\backend\node_modules\router\index.js:582:12)
    at next (C:\Users\yjtan\OneDrive\Desktop\bakkwa\backend\node_modules\router\index.js:291:5)
    at cookieParser (C:\Users\yjtan\OneDrive\Desktop\bakkwa\backend\node_modules\cookie-parser\index.js:57:14)
    at Layer.handleRequest (C:\Users\yjtan\OneDrive\Desktop\bakkwa\backend\node_modules\router\lib\layer.js:152:17)
    at trimPrefix (C:\Users\yjtan\OneDrive\Desktop\bakkwa\backend\node_modules\router\index.js:342:13)
    at C:\Users\yjtan\OneDrive\Desktop\bakkwa\backend\node_modules\router\index.js:297:9
Server error: TypeError: Cannot set property query of #<IncomingMessage> which has only a getter
    at C:\Users\yjtan\OneDrive\Desktop\bakkwa\backend\node_modules\xss-clean\lib\index.js:8:30
    at Layer.handleRequest (C:\Users\yjtan\OneDrive\Desktop\bakkwa\backend\node_modules\router\lib\layer.js:152:17)
    at trimPrefix (C:\Users\yjtan\OneDrive\Desktop\bakkwa\backend\node_modules\router\index.js:342:13)
    at C:\Users\yjtan\OneDrive\Desktop\bakkwa\backend\node_modules\router\index.js:297:9
    at processParams (C:\Users\yjtan\OneDrive\Desktop\bakkwa\backend\node_modules\router\index.js:582:12)
    at next (C:\Users\yjtan\OneDrive\Desktop\bakkwa\backend\node_modules\router\index.js:291:5)
    at cookieParser (C:\Users\yjtan\OneDrive\Desktop\bakkwa\backend\node_modules\cookie-parser\index.js:57:14)
    at Layer.handleRequest (C:\Users\yjtan\OneDrive\Desktop\bakkwa\backend\node_modules\router\lib\layer.js:152:17)
    at trimPrefix (C:\Users\yjtan\OneDrive\Desktop\bakkwa\backend\node_modules\router\index.js:342:13)
    at C:\Users\yjtan\OneDrive\Desktop\bakkwa\backend\node_modules\router\index.js:297:9
Server error: TypeError: Cannot set property query of #<IncomingMessage> which has only a getter
    at C:\Users\yjtan\OneDrive\Desktop\bakkwa\backend\node_modules\xss-clean\lib\index.js:8:30
    at Layer.handleRequest (C:\Users\yjtan\OneDrive\Desktop\bakkwa\backend\node_modules\router\lib\layer.js:152:17)
    at trimPrefix (C:\Users\yjtan\OneDrive\Desktop\bakkwa\backend\node_modules\router\index.js:342:13)
    at C:\Users\yjtan\OneDrive\Desktop\bakkwa\backend\node_modules\router\index.js:297:9
    at processParams (C:\Users\yjtan\OneDrive\Desktop\bakkwa\backend\node_modules\router\index.js:582:12)
    at next (C:\Users\yjtan\OneDrive\Desktop\bakkwa\backend\node_modules\router\index.js:291:5)
    at cookieParser (C:\Users\yjtan\OneDrive\Desktop\bakkwa\backend\node_modules\cookie-parser\index.js:57:14)
    at Layer.handleRequest (C:\Users\yjtan\OneDrive\Desktop\bakkwa\backend\node_modules\router\lib\layer.js:152:17)
    at trimPrefix (C:\Users\yjtan\OneDrive\Desktop\bakkwa\backend\node_modules\router\index.js:342:13)
    at C:\Users\yjtan\OneDrive\Desktop\bakkwa\backend\node_modules\router\index.js:297:9
Server error: TypeError: Cannot set property query of #<IncomingMessage> which has only a getter
    at C:\Users\yjtan\OneDrive\Desktop\bakkwa\backend\node_modules\xss-clean\lib\index.js:8:30
    at Layer.handleRequest (C:\Users\yjtan\OneDrive\Desktop\bakkwa\backend\node_modules\router\lib\layer.js:152:17)
    at trimPrefix (C:\Users\yjtan\OneDrive\Desktop\bakkwa\backend\node_modules\router\index.js:342:13)
    at C:\Users\yjtan\OneDrive\Desktop\bakkwa\backend\node_modules\router\index.js:297:9
    at processParams (C:\Users\yjtan\OneDrive\Desktop\bakkwa\backend\node_modules\router\index.js:582:12)
    at next (C:\Users\yjtan\OneDrive\Desktop\bakkwa\backend\node_modules\router\index.js:291:5)
    at cookieParser (C:\Users\yjtan\OneDrive\Desktop\bakkwa\backend\node_modules\cookie-parser\index.js:57:14)
    at Layer.handleRequest (C:\Users\yjtan\OneDrive\Desktop\bakkwa\backend\node_modules\router\lib\layer.js:152:17)
    at trimPrefix (C:\Users\yjtan\OneDrive\Desktop\bakkwa\backend\node_modules\router\index.js:342:13)
    at C:\Users\yjtan\OneDrive\Desktop\bakkwa\backend\node_modules\router\index.js:297:9
Server error: TypeError: Cannot set property query of #<IncomingMessage> which has only a getter
    at C:\Users\yjtan\OneDrive\Desktop\bakkwa\backend\node_modules\xss-clean\lib\index.js:8:30
    at Layer.handleRequest (C:\Users\yjtan\OneDrive\Desktop\bakkwa\backend\node_modules\router\lib\layer.js:152:17)
    at trimPrefix (C:\Users\yjtan\OneDrive\Desktop\bakkwa\backend\node_modules\router\index.js:342:13)
    at C:\Users\yjtan\OneDrive\Desktop\bakkwa\backend\node_modules\router\index.js:297:9
    at processParams (C:\Users\yjtan\OneDrive\Desktop\bakkwa\backend\node_modules\router\index.js:582:12)
    at next (C:\Users\yjtan\OneDrive\Desktop\bakkwa\backend\node_modules\router\index.js:291:5)
    at cookieParser (C:\Users\yjtan\OneDrive\Desktop\bakkwa\backend\node_modules\cookie-parser\index.js:57:14)
    at Layer.handleRequest (C:\Users\yjtan\OneDrive\Desktop\bakkwa\backend\node_modules\router\lib\layer.js:152:17)
    at trimPrefix (C:\Users\yjtan\OneDrive\Desktop\bakkwa\backend\node_modules\router\index.js:342:13)
    at C:\Users\yjtan\OneDrive\Desktop\bakkwa\backend\node_modules\router\index.js:297:9
Server error: TypeError: Cannot set property query of #<IncomingMessage> which has only a getter
    at C:\Users\yjtan\OneDrive\Desktop\bakkwa\backend\node_modules\xss-clean\lib\index.js:8:30
    at Layer.handleRequest (C:\Users\yjtan\OneDrive\Desktop\bakkwa\backend\node_modules\router\lib\layer.js:152:17)
    at trimPrefix (C:\Users\yjtan\OneDrive\Desktop\bakkwa\backend\node_modules\router\index.js:342:13)
    at C:\Users\yjtan\OneDrive\Desktop\bakkwa\backend\node_modules\router\index.js:297:9
    at processParams (C:\Users\yjtan\OneDrive\Desktop\bakkwa\backend\node_modules\router\index.js:582:12)
    at next (C:\Users\yjtan\OneDrive\Desktop\bakkwa\backend\node_modules\router\index.js:291:5)
    at cookieParser (C:\Users\yjtan\OneDrive\Desktop\bakkwa\backend\node_modules\cookie-parser\index.js:57:14)
    at Layer.handleRequest (C:\Users\yjtan\OneDrive\Desktop\bakkwa\backend\node_modules\router\lib\layer.js:152:17)
    at trimPrefix (C:\Users\yjtan\OneDrive\Desktop\bakkwa\backend\node_modules\router\index.js:342:13)
    at C:\Users\yjtan\OneDrive\Desktop\bakkwa\backend\node_modules\router\index.js:297:9
^C